2020-04-10 16:25:54.799  INFO 16204 --- [restartedMain] com.mk.java.JavaApplication              : Starting JavaApplication on SC-201807041747 with PID 16204 (started by Administrator in F:\java基础)
2020-04-10 16:25:54.802  INFO 16204 --- [restartedMain] com.mk.java.JavaApplication              : No active profile set, falling back to default profiles: default
2020-04-10 16:25:54.866  INFO 16204 --- [restartedMain] .e.DevToolsPropertyDefaultsPostProcessor : Devtools property defaults active! Set 'spring.devtools.add-properties' to 'false' to disable
2020-04-10 16:25:54.866  INFO 16204 --- [restartedMain] .e.DevToolsPropertyDefaultsPostProcessor : For additional web related logging consider setting the 'logging.level.web' property to 'DEBUG'
2020-04-10 16:25:56.339  INFO 16204 --- [restartedMain] o.s.b.w.embedded.tomcat.TomcatWebServer  : Tomcat initialized with port(s): 8081 (http)
2020-04-10 16:25:56.350  INFO 16204 --- [restartedMain] o.apache.catalina.core.StandardService   : Starting service [Tomcat]
2020-04-10 16:25:56.350  INFO 16204 --- [restartedMain] org.apache.catalina.core.StandardEngine  : Starting Servlet engine: [Apache Tomcat/9.0.31]
2020-04-10 16:25:56.438  INFO 16204 --- [restartedMain] o.a.c.c.C.[Tomcat].[localhost].[/]       : Initializing Spring embedded WebApplicationContext
2020-04-10 16:25:56.438  INFO 16204 --- [restartedMain] o.s.web.context.ContextLoader            : Root WebApplicationContext: initialization completed in 1571 ms
2020-04-10 16:25:56.974  INFO 16204 --- [restartedMain] o.s.s.concurrent.ThreadPoolTaskExecutor  : Initializing ExecutorService 'applicationTaskExecutor'
2020-04-10 16:25:57.169  INFO 16204 --- [restartedMain] o.s.b.d.a.OptionalLiveReloadServer       : LiveReload server is running on port 35729
2020-04-10 16:25:57.224  INFO 16204 --- [restartedMain] o.s.b.w.embedded.tomcat.TomcatWebServer  : Tomcat started on port(s): 8081 (http) with context path ''
2020-04-10 16:25:57.228  INFO 16204 --- [restartedMain] com.mk.java.JavaApplication              : Started JavaApplication in 3.018 seconds (JVM running for 4.303)
2020-04-10 16:26:14.102  INFO 16204 --- [http-nio-8081-exec-2] o.a.c.c.C.[Tomcat].[localhost].[/]       : Initializing Spring DispatcherServlet 'dispatcherServlet'
2020-04-10 16:26:14.103  INFO 16204 --- [http-nio-8081-exec-2] o.s.web.servlet.DispatcherServlet        : Initializing Servlet 'dispatcherServlet'
2020-04-10 16:26:14.110  INFO 16204 --- [http-nio-8081-exec-2] o.s.web.servlet.DispatcherServlet        : Completed initialization in 7 ms
2020-04-10 16:26:14.164  INFO 16204 --- [http-nio-8081-exec-2] com.zaxxer.hikari.HikariDataSource       : HikariPool-1 - Starting...
2020-04-10 16:26:15.450  INFO 16204 --- [http-nio-8081-exec-2] com.zaxxer.hikari.HikariDataSource       : HikariPool-1 - Start completed.
2020-04-10 16:26:15.815  INFO 16204 --- [http-nio-8081-exec-2] com.mk.java.controller.testController    : 11111111111111111111111111111111111111111111111
2020-04-10 16:30:50.860  INFO 16204 --- [SpringContextShutdownHook] o.s.s.concurrent.ThreadPoolTaskExecutor  : Shutting down ExecutorService 'applicationTaskExecutor'
2020-04-10 16:30:50.861  INFO 16204 --- [SpringContextShutdownHook] com.zaxxer.hikari.HikariDataSource       : HikariPool-1 - Shutdown initiated...
2020-04-10 16:30:50.875  INFO 16204 --- [SpringContextShutdownHook] com.zaxxer.hikari.HikariDataSource       : HikariPool-1 - Shutdown completed.
